<?xml version="1.0" encoding="UTF-8" ?>
<testsuite tests="2" failures="0" name="FromParameterToOneTest" time="2.058" errors="2" skipped="0">
  <properties>
[...]
</properties>
  <testcase classname="FromParameterToOneTest" name="test1" time="1.03">
    <error message="test timed out after 1000 milliseconds" type="org.junit.runners.model.TestTimedOutException">org.junit.runners.model.TestTimedOutException: test timed out after 1000 milliseconds
	at java.base@11.0.18/sun.nio.cs.StreamEncoder.writeBytes(StreamEncoder.java:233)
	at java.base@11.0.18/sun.nio.cs.StreamEncoder.implFlushBuffer(StreamEncoder.java:312)
	at java.base@11.0.18/sun.nio.cs.StreamEncoder.flushBuffer(StreamEncoder.java:104)
	at java.base@11.0.18/java.io.OutputStreamWriter.flushBuffer(OutputStreamWriter.java:181)
	at java.base@11.0.18/java.io.PrintStream.write(PrintStream.java:606)
	at java.base@11.0.18/java.io.PrintStream.print(PrintStream.java:676)
	at java.base@11.0.18/java.io.PrintStream.println(PrintStream.java:812)
	at app//FromParameterToOne.printFromNumberToOne(FromParameterToOne.java:12)
	at java.base@11.0.18/jdk.internal.reflect.NativeMethodAccessorImpl.invoke0(Native Method)
	at java.base@11.0.18/jdk.internal.reflect.NativeMethodAccessorImpl.invoke(NativeMethodAccessorImpl.java:62)
	at java.base@11.0.18/jdk.internal.reflect.DelegatingMethodAccessorImpl.invoke(DelegatingMethodAccessorImpl.java:43)
	at java.base@11.0.18/java.lang.reflect.Method.invoke(Method.java:566)
	at app//fi.helsinki.cs.tmc.edutestutils.ReflectionUtils.invokeMethod(ReflectionUtils.java:508)
	at app//fi.helsinki.cs.tmc.edutestutils.Reflex$MethodRef.invokeMethodOn(Reflex.java:603)
	at app//fi.helsinki.cs.tmc.edutestutils.Reflex$MethodRef.invokeMethod(Reflex.java:594)
	at app//fi.helsinki.cs.tmc.edutestutils.Reflex$MethodRef.invokeImpl(Reflex.java:565)
	at app//fi.helsinki.cs.tmc.edutestutils.Reflex$MethodRef1.invoke(Reflex.java:752)
	at app//FromParameterToOneTest.test1(FromParameterToOneTest.java:19)
	at java.base@11.0.18/jdk.internal.reflect.NativeMethodAccessorImpl.invoke0(Native Method)
	at java.base@11.0.18/jdk.internal.reflect.NativeMethodAccessorImpl.invoke(NativeMethodAccessorImpl.java:62)
	at java.base@11.0.18/jdk.internal.reflect.DelegatingMethodAccessorImpl.invoke(DelegatingMethodAccessorImpl.java:43)
	at java.base@11.0.18/java.lang.reflect.Method.invoke(Method.java:566)
	at app//org.junit.runners.model.FrameworkMethod$1.runReflectiveCall(FrameworkMethod.java:50)
	at app//org.junit.internal.runners.model.ReflectiveCallable.run(ReflectiveCallable.java:12)
	at app//org.junit.runners.model.FrameworkMethod.invokeExplosively(FrameworkMethod.java:47)
	at app//org.junit.internal.runners.statements.InvokeMethod.evaluate(InvokeMethod.java:17)
	at app//org.junit.internal.runners.statements.FailOnTimeout$CallableStatement.call(FailOnTimeout.java:298)
	at app//org.junit.internal.runners.statements.FailOnTimeout$CallableStatement.call(FailOnTimeout.java:292)
	at java.base@11.0.18/java.util.concurrent.FutureTask.run(FutureTask.java:264)
	at java.base@11.0.18/java.lang.Thread.run(Thread.java:829)
</error>
    <system-out>2
2
2
2
2
2
2
2
2
2
2
2
2
2
2
2
2
2
2
2
2
2
2
2
2
2
2
2
2
2
2
2
2
2
2
2
2
2
2
2
2
2
2
2
2
2
2
2
2
2
2
2
2
2
2
2
2
</system-out>
  </testcase>
  <testcase classname="FromParameterToOneTest" name="test2" time="1.028">
    <error message="test timed out after 1000 milliseconds" type="org.junit.runners.model.TestTimedOutException">org.junit.runners.model.TestTimedOutException: test timed out after 1000 milliseconds
	at java.base@11.0.18/java.io.PrintStream.println(PrintStream.java:811)
	at app//FromParameterToOne.printFromNumberToOne(FromParameterToOne.java:12)
	at java.base@11.0.18/jdk.internal.reflect.NativeMethodAccessorImpl.invoke0(Native Method)
	at java.base@11.0.18/jdk.internal.reflect.NativeMethodAccessorImpl.invoke(NativeMethodAccessorImpl.java:62)
	at java.base@11.0.18/jdk.internal.reflect.DelegatingMethodAccessorImpl.invoke(DelegatingMethodAccessorImpl.java:43)
	at java.base@11.0.18/java.lang.reflect.Method.invoke(Method.java:566)
	at app//fi.helsinki.cs.tmc.edutestutils.ReflectionUtils.invokeMethod(ReflectionUtils.java:508)
	at app//fi.helsinki.cs.tmc.edutestutils.Reflex$MethodRef.invokeMethodOn(Reflex.java:603)
	at app//fi.helsinki.cs.tmc.edutestutils.Reflex$MethodRef.invokeMethod(Reflex.java:594)
	at app//fi.helsinki.cs.tmc.edutestutils.Reflex$MethodRef.invokeImpl(Reflex.java:565)
	at app//fi.helsinki.cs.tmc.edutestutils.Reflex$MethodRef1.invoke(Reflex.java:752)
	at app//FromParameterToOneTest.test2(FromParameterToOneTest.java:27)
	at java.base@11.0.18/jdk.internal.reflect.NativeMethodAccessorImpl.invoke0(Native Method)
	at java.base@11.0.18/jdk.internal.reflect.NativeMethodAccessorImpl.invoke(NativeMethodAccessorImpl.java:62)
	at java.base@11.0.18/jdk.internal.reflect.DelegatingMethodAccessorImpl.invoke(DelegatingMethodAccessorImpl.java:43)
	at java.base@11.0.18/java.lang.reflect.Method.invoke(Method.java:566)
	at app//org.junit.runners.model.FrameworkMethod$1.runReflectiveCall(FrameworkMethod.java:50)
	at app//org.junit.internal.runners.model.ReflectiveCallable.run(ReflectiveCallable.java:12)
	at app//org.junit.runners.model.FrameworkMethod.invokeExplosively(FrameworkMethod.java:47)
	at app//org.junit.internal.runners.statements.InvokeMethod.evaluate(InvokeMethod.java:17)
	at app//org.junit.internal.runners.statements.FailOnTimeout$CallableStatement.call(FailOnTimeout.java:298)
	at app//org.junit.internal.runners.statements.FailOnTimeout$CallableStatement.call(FailOnTimeout.java:292)
	at java.base@11.0.18/java.util.concurrent.FutureTask.run(FutureTask.java:264)
	at java.base@11.0.18/java.lang.Thread.run(Thread.java:829)
</error>
    <system-out>2
2
2
2
2
2
2
2
2
2
2
2
2
2
2
2
2
2
2
2
2
2
2
2
2
2
2
2
2
2
2
2
2
2
2
2
2
2
2
2
2
2
2
2
2
2
2
2
</system-out>
  </testcase>
</testsuite>